
Feb 02, 2021 24:24:11.96 NEW SESSION
Feb 02, 2021 24:24:11.96 [5392:6776:0202/002411.959:ERROR:native_process_launcher_win.cc(141)] COMSPEC is not set
Feb 02, 2021 24:24:12.76 [5392:6776:0202/002412.762:ERROR:native_process_launcher_win.cc(141)] COMSPEC is not set
Feb 02, 2021 24:24:22.18 [5392:5844:0202/002422.182:ERROR:device_event_log_impl.cc(211)] [00:24:22.182] USB: usb_device_handle_win.cc:1049 Failed to read descriptor from node connection: A device attached to the system is not functioning. (0x1F)
Feb 02, 2021 24:24:22.18 [5392:5844:0202/002422.182:ERROR:usb_descriptors.cc(140)] Failed to read length for configuration 0.
Feb 02, 2021 24:24:22.18 [5392:5844:0202/002422.182:ERROR:usb_descriptors.cc(100)] Failed to read all configuration descriptors. Expected 1, got 0.
Feb 02, 2021 24:24:22.37 [5392:5844:0202/002422.182:ERROR:device_event_log_impl.cc(211)] [00:24:22.182] USB: usb_device_win.cc:93 Failed to read descriptors from \\?\usb#vid_0bda&pid_b008#00e04c000001#{a5dcbf10-6530-11d2-901f-00c04fb951ed}.

Feb 04, 2021 22:23:25.09 NEW SESSION
Feb 04, 2021 22:23:25.09 [6184:7380:0204/222325.088:ERROR:native_process_launcher_win.cc(141)] COMSPEC is not set
Feb 04, 2021 22:23:26.07 [6184:6208:0204/222326.076:ERROR:device_event_log_impl.cc(211)] [22:23:26.076] USB: usb_device_handle_win.cc:1049 Failed to read descriptor from node connection: A device attached to the system is not functioning. (0x1F)
Feb 04, 2021 22:23:26.07 [6184:6208:0204/222326.076:ERROR:usb_descriptors.cc(140)] Failed to read length for configuration 0.
Feb 04, 2021 22:23:26.07 [6184:6208:0204/222326.076:ERROR:usb_descriptors.cc(100)] Failed to read all configuration descriptors. Expected 1, got 0.
Feb 04, 2021 22:23:26.07 [6184:6208:0204/222326.076:ERROR:device_event_log_impl.cc(211)] [22:23:26.076] USB: usb_device_win.cc:93 Failed to read descriptors from \\?\usb#vid_0bda&pid_b008#00e04c000001#{a5dcbf10-6530-11d2-901f-00c04fb951ed}.
Feb 04, 2021 22:23:26.31 [6184:7380:0204/222326.312:ERROR:native_process_launcher_win.cc(141)] COMSPEC is not set
Feb 04, 2021 22:40:08.78 [2008:4672:0204/224008.783:ERROR:native_process_launcher_win.cc(141)] COMSPEC is not set
Feb 04, 2021 22:40:09.78 [2008:4672:0204/224009.785:ERROR:native_process_launcher_win.cc(141)] COMSPEC is not set
Feb 04, 2021 22:40:13.94 [2008:6716:0204/224013.941:ERROR:device_event_log_impl.cc(211)] [22:40:13.941] USB: usb_device_handle_win.cc:1049 Failed to read descriptor from node connection: A device attached to the system is not functioning. (0x1F)
Feb 04, 2021 22:40:13.94 [2008:6716:0204/224013.941:ERROR:usb_descriptors.cc(140)] Failed to read length for configuration 0.
Feb 04, 2021 22:40:13.94 [2008:6716:0204/224013.941:ERROR:usb_descriptors.cc(100)] Failed to read all configuration descriptors. Expected 1, got 0.
Feb 04, 2021 22:40:13.94 [2008:6716:0204/224013.941:ERROR:device_event_log_impl.cc(211)] [22:40:13.941] USB: usb_device_win.cc:93 Failed to read descriptors from \\?\usb#vid_0bda&pid_b008#00e04c000001#{a5dcbf10-6530-11d2-901f-00c04fb951ed}.
Feb 05, 2021 24:23:56.57 [2008:4220:0205/002356.570:ERROR:connection_factory_impl.cc(428)] Failed to connect to MCS endpoint with error -106

Feb 05, 2021 23:31:14.95 NEW SESSION
Feb 05, 2021 23:31:14.95 [1048:8552:0205/233114.951:ERROR:native_process_launcher_win.cc(141)] COMSPEC is not set
Feb 05, 2021 23:31:15.35 [1048:8552:0205/233115.357:ERROR:native_process_launcher_win.cc(141)] COMSPEC is not set
Feb 05, 2021 23:31:19.88 [1048:9028:0205/233119.886:ERROR:device_event_log_impl.cc(211)] [23:31:19.886] USB: usb_device_handle_win.cc:1049 Failed to read descriptor from node connection: A device attached to the system is not functioning. (0x1F)
Feb 05, 2021 23:31:19.88 [1048:9028:0205/233119.886:ERROR:usb_descriptors.cc(140)] Failed to read length for configuration 0.
Feb 05, 2021 23:31:19.88 [1048:9028:0205/233119.886:ERROR:usb_descriptors.cc(100)] Failed to read all configuration descriptors. Expected 1, got 0.
Feb 05, 2021 23:31:19.88 [1048:9028:0205/233119.887:ERROR:device_event_log_impl.cc(211)] [23:31:19.887] USB: usb_device_win.cc:93 Failed to read descriptors from \\?\usb#vid_0bda&pid_b008#00e04c000001#{a5dcbf10-6530-11d2-901f-00c04fb951ed}.

May 10, 2021 22:46:47.88 NEW SESSION
May 10, 2021 22:46:47.88 [8016:11044:0510/224647.868:ERROR:device_event_log_impl.cc(214)] [22:46:47.647] FIDO: webauthn_api.cc:54 Windows WebAuthn API failed to load
May 10, 2021 22:46:48.19 [8016:11044:0510/224648.199:ERROR:device_event_log_impl.cc(214)] [22:46:48.204] USB: usb_device_handle_win.cc:1054 Failed to read descriptor from node connection: A device attached to the system is not functioning. (0x1F)
May 10, 2021 22:46:48.19 [8016:11044:0510/224648.199:ERROR:usb_descriptors.cc(140)] Failed to read length for configuration 0.
May 10, 2021 22:46:48.19 [8016:11044:0510/224648.199:ERROR:usb_descriptors.cc(100)] Failed to read all configuration descriptors. Expected 1, got 0.
May 10, 2021 22:46:48.19 [8016:11044:0510/224648.199:ERROR:device_event_log_impl.cc(214)] [22:46:48.204] USB: usb_device_win.cc:93 Failed to read descriptors from \\?\usb#vid_0bda&pid_b008#00e04c000001#{a5dcbf10-6530-11d2-901f-00c04fb951ed}.
May 10, 2021 22:58:19.90 [8016:11044:0510/225819.900:ERROR:CONSOLE(0)] "Access to XMLHttpRequest at 'https://www.google.com/cloudprint/search?xsrf=&hl=en-US&connection_status=ALL&client=chrome&use_cdd=true&q=%255Erecent' from origin 'chrome://print' has been blocked by CORS policy: No 'Access-Control-Allow-Origin' header is present on the requested resource.", source: chrome://print/ (0)
May 10, 2021 22:58:19.90 [8016:11044:0510/225819.900:ERROR:CONSOLE(0)] "Access to XMLHttpRequest at 'https://www.google.com/cloudprint/invites?xsrf=&hl=en-US&client=chrome' from origin 'chrome://print' has been blocked by CORS policy: No 'Access-Control-Allow-Origin' header is present on the requested resource.", source: chrome://print/ (0)
May 10, 2021 22:58:20.11 [8016:11044:0510/225820.118:ERROR:CONSOLE(0)] "Access to XMLHttpRequest at 'https://www.google.com/cloudprint/search?xsrf=&hl=en-US&connection_status=ALL&client=chrome&use_cdd=true' from origin 'chrome://print' has been blocked by CORS policy: No 'Access-Control-Allow-Origin' header is present on the requested resource.", source: chrome://print/ (0)
May 11, 2021 24:12:07.01 [8016:11044:0511/001207.014:ERROR:CONSOLE(0)] "Access to XMLHttpRequest at 'https://www.google.com/cloudprint/search?xsrf=&hl=en-US&connection_status=ALL&client=chrome&use_cdd=true&q=%255Erecent' from origin 'chrome://print' has been blocked by CORS policy: No 'Access-Control-Allow-Origin' header is present on the requested resource.", source: chrome://print/ (0)
May 11, 2021 24:12:07.08 [8016:11044:0511/001207.031:ERROR:CONSOLE(0)] "Access to XMLHttpRequest at 'https://www.google.com/cloudprint/search?xsrf=&hl=en-US&connection_status=ALL&client=chrome&use_cdd=true' from origin 'chrome://print' has been blocked by CORS policy: No 'Access-Control-Allow-Origin' header is present on the requested resource.", source: chrome://print/ (0)
May 11, 2021 24:12:07.08 [8016:11044:0511/001207.031:ERROR:CONSOLE(0)] "Access to XMLHttpRequest at 'https://www.google.com/cloudprint/invites?xsrf=&hl=en-US&client=chrome' from origin 'chrome://print' has been blocked by CORS policy: No 'Access-Control-Allow-Origin' header is present on the requested resource.", source: chrome://print/ (0)
